Using pre-set license
Built from '2020.3/release' branch; Version is '2020.3.27f1 (e759542391ea) revision 15161684'; Using compiler version '192528614'; Build Type 'Release'
OS: 'Windows 10  (10.0.19044) 64bit Professional' Language: 'en' Physical Memory: 32543 MB
BatchMode: 1, IsHumanControllingUs: 0, StartBugReporterOnCrash: 0, Is64bit: 1, IsPro: 0

COMMAND LINE ARGUMENTS:
C:\Users\l.lafontaine\Desktop\2020.3.27f1\Editor\Unity.exe
-adb2
-batchMode
-noUpm
-name
AssetImportWorker0
-projectPath
C:/Users/l.lafontaine/Documents/HopAround
-logFile
Logs/AssetImportWorker0.log
-srvPort
61680
Successfully changed project path to: C:/Users/l.lafontaine/Documents/HopAround
C:/Users/l.lafontaine/Documents/HopAround
Using Asset Import Pipeline V2.
Refreshing native plugins compatible for Editor in 57.19 ms, found 2 plugins.
Preloading 0 native plugins for Editor in 0.00 ms.
Initialize engine version: 2020.3.27f1 (e759542391ea)
[Subsystems] Discovering subsystems at path C:/Users/l.lafontaine/Desktop/2020.3.27f1/Editor/Data/Resources/UnitySubsystems
[Subsystems] Discovering subsystems at path C:/Users/l.lafontaine/Documents/HopAround/Assets
GfxDevice: creating device client; threaded=0
Direct3D:
    Version:  Direct3D 11.0 [level 11.1]
    Renderer: NVIDIA GeForce RTX 2060 SUPER (ID=0x1f06)
    Vendor:   
    VRAM:     8031 MB
    Driver:   30.0.15.1215
Initialize mono
Mono path[0] = 'C:/Users/l.lafontaine/Desktop/2020.3.27f1/Editor/Data/Managed'
Mono path[1] = 'C:/Users/l.lafontaine/Desktop/2020.3.27f1/Editor/Data/MonoBleedingEdge/lib/mono/unityjit'
Mono config path = 'C:/Users/l.lafontaine/Desktop/2020.3.27f1/Editor/Data/MonoBleedingEdge/etc'
Using monoOptions --debugger-agent=transport=dt_socket,embedding=1,server=y,suspend=n,address=127.0.0.1:56956
Begin MonoManager ReloadAssembly
Registering precompiled unity dll's ...
Register platform support module: C:/Users/l.lafontaine/Desktop/2020.3.27f1/Editor/Data/PlaybackEngines/WindowsStandaloneSupport/UnityEditor.WindowsStandalone.Extensions.dll
Registered in 0.001710 seconds.
Native extension for WindowsStandalone target not found
Refreshing native plugins compatible for Editor in 51.72 ms, found 2 plugins.
Preloading 0 native plugins for Editor in 0.00 ms.
Mono: successfully reloaded assembly
- Completed reload, in  0.501 seconds
Domain Reload Profiling:
	ReloadAssembly (501ms)
		BeginReloadAssembly (52ms)
			ExecutionOrderSort (0ms)
			DisableScriptedObjects (0ms)
			BackupInstance (0ms)
			ReleaseScriptingObjects (0ms)
			CreateAndSetChildDomain (1ms)
		EndReloadAssembly (389ms)
			LoadAssemblies (50ms)
			RebuildTransferFunctionScriptingTraits (0ms)
			SetupTypeCache (124ms)
			ReleaseScriptCaches (0ms)
			RebuildScriptCaches (25ms)
			SetupLoadedEditorAssemblies (156ms)
				LogAssemblyErrors (0ms)
				InitializePlatformSupportModulesInManaged (4ms)
				SetLoadedEditorAssemblies (0ms)
				RefreshPlugins (52ms)
				BeforeProcessingInitializeOnLoad (7ms)
				ProcessInitializeOnLoadAttributes (69ms)
				ProcessInitializeOnLoadMethodAttributes (25ms)
				AfterProcessingInitializeOnLoad (0ms)
				EditorAssembliesLoaded (0ms)
			ExecutionOrderSort2 (0ms)
			AwakeInstancesAfterBackupRestoration (0ms)
Platform modules already initialized, skipping
Registering precompiled user dll's ...
Registered in 0.003699 seconds.
Begin MonoManager ReloadAssembly
Native extension for WindowsStandalone target not found
Refreshing native plugins compatible for Editor in 55.98 ms, found 2 plugins.
Preloading 0 native plugins for Editor in 0.00 ms.
Mono: successfully reloaded assembly
- Completed reload, in  1.016 seconds
Domain Reload Profiling:
	ReloadAssembly (1017ms)
		BeginReloadAssembly (125ms)
			ExecutionOrderSort (0ms)
			DisableScriptedObjects (4ms)
			BackupInstance (0ms)
			ReleaseScriptingObjects (0ms)
			CreateAndSetChildDomain (15ms)
		EndReloadAssembly (840ms)
			LoadAssemblies (82ms)
			RebuildTransferFunctionScriptingTraits (0ms)
			SetupTypeCache (276ms)
			ReleaseScriptCaches (1ms)
			RebuildScriptCaches (44ms)
			SetupLoadedEditorAssemblies (341ms)
				LogAssemblyErrors (0ms)
				InitializePlatformSupportModulesInManaged (3ms)
				SetLoadedEditorAssemblies (0ms)
				RefreshPlugins (56ms)
				BeforeProcessingInitializeOnLoad (75ms)
				ProcessInitializeOnLoadAttributes (195ms)
				ProcessInitializeOnLoadMethodAttributes (7ms)
				AfterProcessingInitializeOnLoad (5ms)
				EditorAssembliesLoaded (0ms)
			ExecutionOrderSort2 (0ms)
			AwakeInstancesAfterBackupRestoration (5ms)
Platform modules already initialized, skipping
========================================================================
Worker process is ready to serve import requests
Launched and connected shader compiler UnityShaderCompiler.exe after 0.06 seconds
Refreshing native plugins compatible for Editor in 0.64 ms, found 2 plugins.
Preloading 0 native plugins for Editor in 0.00 ms.
Unloading 3299 Unused Serialized files (Serialized files now loaded: 0)
System memory in use before: 150.1 MB.
System memory in use after: 150.3 MB.

Unloading 34 unused Assets to reduce memory usage. Loaded Objects now: 3720.
Total: 5.971000 ms (FindLiveObjects: 0.242400 ms CreateObjectMapping: 0.186200 ms MarkObjects: 5.428600 ms  DeleteObjects: 0.112200 ms)

AssetImportParameters requested are different than current active one (requested -> active):
  custom:framework-win-MediaFoundation: 216162199b28c13a410421893ffa2e32 -> 
  custom:video-decoder-ogg-theora: a1e56fd34408186e4bbccfd4996cb3dc -> 
  custom:container-muxer-webm: aa71ff27fc2769a1b78a27578f13a17b -> 
  custom:container-demuxer-webm: 4f35f7cbe854078d1ac9338744f61a02 -> 
  custom:container-demuxer-ogg: 62fdf1f143b41e24485cea50d1cbac27 -> 
  custom:video-encoder-webm-vp8: eb34c28f22e8b96e1ab97ce403110664 -> 
  custom:video-decoder-webm-vp8: 9c59270c3fd7afecdb556c50c9e8de78 -> 
  custom:audio-decoder-ogg-vorbis: bf7c407c2cedff20999df2af8eb42d56 -> 
  custom:audio-encoder-webm-vorbis: bf7c407c2cedff20999df2af8eb42d56 -> 
========================================================================
Received Import Request.
  path: Assets/LOUIS/001_MESH/decors all 1.fbx
  artifactKey: Guid(b59801b5e91878243bd57748be100dfa) Importer(815301076,1909f56bfc062723c751e8b465ee728b)
Start importing Assets/LOUIS/001_MESH/decors all 1.fbx using Guid(b59801b5e91878243bd57748be100dfa) Importer(815301076,1909f56bfc062723c751e8b465ee728b)  -> (artifact id: '707036addd53f24d037669f6ff00a28b') in 0.334633 seconds 
  Import took 0.339363 seconds .

========================================================================
Received Import Request.
  Time since last request: 15.492600 seconds.
  path: Assets/LOUIS/001_MESH/decors all 1.fbx
  artifactKey: Guid(b59801b5e91878243bd57748be100dfa) Importer(815301076,1909f56bfc062723c751e8b465ee728b)
Start importing Assets/LOUIS/001_MESH/decors all 1.fbx using Guid(b59801b5e91878243bd57748be100dfa) Importer(815301076,1909f56bfc062723c751e8b465ee728b)  -> (artifact id: '6e389ba488673e49944b96d78e87f9da') in 0.134117 seconds 
  Import took 0.138831 seconds .

========================================================================
Received Import Request.
  Time since last request: 8.214342 seconds.
  path: Assets/LOUIS/001_MESH/decors all 1.fbx
  artifactKey: Guid(b59801b5e91878243bd57748be100dfa) Importer(815301076,1909f56bfc062723c751e8b465ee728b)
Start importing Assets/LOUIS/001_MESH/decors all 1.fbx using Guid(b59801b5e91878243bd57748be100dfa) Importer(815301076,1909f56bfc062723c751e8b465ee728b)  -> (artifact id: '3e0230c6211e732c16f3827a97469533') in 0.125349 seconds 
  Import took 0.129842 seconds .

========================================================================
Received Import Request.
  Time since last request: 367.080465 seconds.
  path: Assets/LOUIS/000_PREFAB/Prefab_Enviro_LD/Death Mesh
  artifactKey: Guid(5dfcd34543348734699a57865a518833) Importer(815301076,1909f56bfc062723c751e8b465ee728b)
Start importing Assets/LOUIS/000_PREFAB/Prefab_Enviro_LD/Death Mesh using Guid(5dfcd34543348734699a57865a518833) Importer(815301076,1909f56bfc062723c751e8b465ee728b)  -> (artifact id: '333351ffc2d1a610e498b4aa89575d23') in 0.005247 seconds 
  Import took 0.010485 seconds .

========================================================================
Received Import Request.
  Time since last request: 12.704866 seconds.
  path: Assets/LOUIS/000_PREFAB/Prefab_Enviro_LD/Decors
  artifactKey: Guid(29a7b96c80909d146822406cb756bd29) Importer(815301076,1909f56bfc062723c751e8b465ee728b)
Start importing Assets/LOUIS/000_PREFAB/Prefab_Enviro_LD/Decors using Guid(29a7b96c80909d146822406cb756bd29) Importer(815301076,1909f56bfc062723c751e8b465ee728b)  -> (artifact id: '21f77999d32028936056b0c48a6da77b') in 0.004947 seconds 
  Import took 0.009218 seconds .

========================================================================
Received Import Request.
  Time since last request: 6.501569 seconds.
  path: Assets/LOUIS/000_PREFAB/Prefab_Enviro_LD/Decors/SM_PEN.prefab
  artifactKey: Guid(5d55121a248796d4cbe3ce9c040104e3) Importer(815301076,1909f56bfc062723c751e8b465ee728b)
Start importing Assets/LOUIS/000_PREFAB/Prefab_Enviro_LD/Decors/SM_PEN.prefab using Guid(5d55121a248796d4cbe3ce9c040104e3) Importer(815301076,1909f56bfc062723c751e8b465ee728b)  -> (artifact id: '112511bfc5878b7cf0af6b72dcb8e9a1') in 0.020238 seconds 
  Import took 0.025222 seconds .

========================================================================
Received Import Request.
  Time since last request: 2.565458 seconds.
  path: Assets/LOUIS/000_PREFAB/Prefab_Enviro_LD/Decors/SM_Hoop.prefab
  artifactKey: Guid(918ce7ad35be00842be0f6ae5e674353) Importer(815301076,1909f56bfc062723c751e8b465ee728b)
Start importing Assets/LOUIS/000_PREFAB/Prefab_Enviro_LD/Decors/SM_Hoop.prefab using Guid(918ce7ad35be00842be0f6ae5e674353) Importer(815301076,1909f56bfc062723c751e8b465ee728b)  -> (artifact id: 'c72649257f3d95e5723abd2670bbad4a') in 0.012224 seconds 
  Import took 0.016919 seconds .

========================================================================
Received Import Request.
  Time since last request: 4.434779 seconds.
  path: Assets/LOUIS/000_PREFAB/Prefab_Enviro_LD/Decors/SM_FERRISWHEEL.prefab
  artifactKey: Guid(05ee76ad4bde3a341ac50be1846d8b6b) Importer(815301076,1909f56bfc062723c751e8b465ee728b)
Start importing Assets/LOUIS/000_PREFAB/Prefab_Enviro_LD/Decors/SM_FERRISWHEEL.prefab using Guid(05ee76ad4bde3a341ac50be1846d8b6b) Importer(815301076,1909f56bfc062723c751e8b465ee728b)  -> (artifact id: 'd099b0f3bb4ea917c92df7b40b405a45') in 0.014500 seconds 
  Import took 0.019807 seconds .

========================================================================
Received Import Request.
  Time since last request: 2.510665 seconds.
  path: Assets/LOUIS/000_PREFAB/Prefab_Enviro_LD/Decors/SM_Bucket.prefab
  artifactKey: Guid(e69a3d18886db5d4cb4aa7689564b7c5) Importer(815301076,1909f56bfc062723c751e8b465ee728b)
Start importing Assets/LOUIS/000_PREFAB/Prefab_Enviro_LD/Decors/SM_Bucket.prefab using Guid(e69a3d18886db5d4cb4aa7689564b7c5) Importer(815301076,1909f56bfc062723c751e8b465ee728b)  -> (artifact id: '4674d03284ab31f6d630eddd5599aa10') in 0.012026 seconds 
  Import took 0.016628 seconds .

========================================================================
Received Import Request.
  Time since last request: 351.690574 seconds.
  path: Assets/LOUIS/000_PREFAB/Prefab_Enviro_LD/InteractibleDecors/MI_MovingPlateforme.prefab
  artifactKey: Guid(93670252c7916fc45b78409c35ea40d5) Importer(815301076,1909f56bfc062723c751e8b465ee728b)
Start importing Assets/LOUIS/000_PREFAB/Prefab_Enviro_LD/InteractibleDecors/MI_MovingPlateforme.prefab using Guid(93670252c7916fc45b78409c35ea40d5) Importer(815301076,1909f56bfc062723c751e8b465ee728b)  -> (artifact id: 'ac6078e991a6c587c3ad2c02f660121d') in 0.013344 seconds 
  Import took 0.018987 seconds .

========================================================================
Received Import Request.
  Time since last request: 16.469433 seconds.
  path: Assets/LOUIS/000_PREFAB/Prefab_Enviro_LD/InteractibleDecors/MI_MovingPlateforme.prefab
  artifactKey: Guid(93670252c7916fc45b78409c35ea40d5) Importer(815301076,1909f56bfc062723c751e8b465ee728b)
Start importing Assets/LOUIS/000_PREFAB/Prefab_Enviro_LD/InteractibleDecors/MI_MovingPlateforme.prefab using Guid(93670252c7916fc45b78409c35ea40d5) Importer(815301076,1909f56bfc062723c751e8b465ee728b)  -> (artifact id: '828549ccfec318f5b0a49f97bbc26129') in 0.011876 seconds 
  Import took 0.016641 seconds .

========================================================================
Received Import Request.
  Time since last request: 0.566373 seconds.
  path: Assets/LOUIS/000_PREFAB/Prefab_Enviro_LD/InteractibleDecors/MI_MovingPlateforme.prefab
  artifactKey: Guid(93670252c7916fc45b78409c35ea40d5) Importer(815301076,1909f56bfc062723c751e8b465ee728b)
Start importing Assets/LOUIS/000_PREFAB/Prefab_Enviro_LD/InteractibleDecors/MI_MovingPlateforme.prefab using Guid(93670252c7916fc45b78409c35ea40d5) Importer(815301076,1909f56bfc062723c751e8b465ee728b)  -> (artifact id: '2d44d0d3c4660bd070990bbce2ea588b') in 0.012058 seconds 
  Import took 0.017270 seconds .

========================================================================
Received Import Request.
  Time since last request: 1.529865 seconds.
  path: Assets/LOUIS/000_PREFAB/Prefab_Enviro_LD/InteractibleDecors/MI_MovingPlateforme.prefab
  artifactKey: Guid(93670252c7916fc45b78409c35ea40d5) Importer(815301076,1909f56bfc062723c751e8b465ee728b)
Start importing Assets/LOUIS/000_PREFAB/Prefab_Enviro_LD/InteractibleDecors/MI_MovingPlateforme.prefab using Guid(93670252c7916fc45b78409c35ea40d5) Importer(815301076,1909f56bfc062723c751e8b465ee728b)  -> (artifact id: 'd77df34d8a96d09c61f1394bb4d8280b') in 0.011689 seconds 
  Import took 0.017193 seconds .

========================================================================
Received Import Request.
  Time since last request: 11.978023 seconds.
  path: Assets/LOUIS/000_PREFAB/Prefab_Enviro_LD/Decors/SM_Bucket.prefab
  artifactKey: Guid(e69a3d18886db5d4cb4aa7689564b7c5) Importer(815301076,1909f56bfc062723c751e8b465ee728b)
Start importing Assets/LOUIS/000_PREFAB/Prefab_Enviro_LD/Decors/SM_Bucket.prefab using Guid(e69a3d18886db5d4cb4aa7689564b7c5) Importer(815301076,1909f56bfc062723c751e8b465ee728b)  -> (artifact id: 'ea5d1f3428b94511bcecb4e6459fc96d') in 0.012789 seconds 
  Import took 0.018436 seconds .

========================================================================
Received Import Request.
  Time since last request: 3.812676 seconds.
  path: Assets/LOUIS/000_PREFAB/Prefab_Enviro_LD/Decors/SM_Bucket.prefab
  artifactKey: Guid(e69a3d18886db5d4cb4aa7689564b7c5) Importer(815301076,1909f56bfc062723c751e8b465ee728b)
Start importing Assets/LOUIS/000_PREFAB/Prefab_Enviro_LD/Decors/SM_Bucket.prefab using Guid(e69a3d18886db5d4cb4aa7689564b7c5) Importer(815301076,1909f56bfc062723c751e8b465ee728b)  -> (artifact id: 'cf417f2f5819414ec8597ac7e83ad2f6') in 0.011820 seconds 
  Import took 0.017515 seconds .

========================================================================
Received Import Request.
  Time since last request: 2.244553 seconds.
  path: Assets/LOUIS/000_PREFAB/Prefab_Enviro_LD/Decors/SM_FERRISWHEEL.prefab
  artifactKey: Guid(05ee76ad4bde3a341ac50be1846d8b6b) Importer(815301076,1909f56bfc062723c751e8b465ee728b)
Start importing Assets/LOUIS/000_PREFAB/Prefab_Enviro_LD/Decors/SM_FERRISWHEEL.prefab using Guid(05ee76ad4bde3a341ac50be1846d8b6b) Importer(815301076,1909f56bfc062723c751e8b465ee728b)  -> (artifact id: '85655eda9c081034d9983c0f2c208613') in 0.014128 seconds 
  Import took 0.019058 seconds .

========================================================================
Received Import Request.
  Time since last request: 0.987008 seconds.
  path: Assets/LOUIS/000_PREFAB/Prefab_Enviro_LD/Decors/SM_FERRISWHEEL.prefab
  artifactKey: Guid(05ee76ad4bde3a341ac50be1846d8b6b) Importer(815301076,1909f56bfc062723c751e8b465ee728b)
Start importing Assets/LOUIS/000_PREFAB/Prefab_Enviro_LD/Decors/SM_FERRISWHEEL.prefab using Guid(05ee76ad4bde3a341ac50be1846d8b6b) Importer(815301076,1909f56bfc062723c751e8b465ee728b)  -> (artifact id: '2e7def6284f821f022a6f91dd2759175') in 0.013366 seconds 
  Import took 0.018550 seconds .

========================================================================
Received Import Request.
  Time since last request: 2.440696 seconds.
  path: Assets/LOUIS/000_PREFAB/Prefab_Enviro_LD/Decors/SM_FERRISWHEEL.prefab
  artifactKey: Guid(05ee76ad4bde3a341ac50be1846d8b6b) Importer(815301076,1909f56bfc062723c751e8b465ee728b)
Start importing Assets/LOUIS/000_PREFAB/Prefab_Enviro_LD/Decors/SM_FERRISWHEEL.prefab using Guid(05ee76ad4bde3a341ac50be1846d8b6b) Importer(815301076,1909f56bfc062723c751e8b465ee728b)  -> (artifact id: '46d12c5365556b13191bbf80939cfcb6') in 0.013099 seconds 
  Import took 0.018746 seconds .

========================================================================
Received Import Request.
  Time since last request: 2.464010 seconds.
  path: Assets/LOUIS/000_PREFAB/Prefab_Enviro_LD/Decors/SM_Hoop.prefab
  artifactKey: Guid(918ce7ad35be00842be0f6ae5e674353) Importer(815301076,1909f56bfc062723c751e8b465ee728b)
Start importing Assets/LOUIS/000_PREFAB/Prefab_Enviro_LD/Decors/SM_Hoop.prefab using Guid(918ce7ad35be00842be0f6ae5e674353) Importer(815301076,1909f56bfc062723c751e8b465ee728b)  -> (artifact id: '3ddf4b0a970481d1b5d03d23a82f01b1') in 0.012742 seconds 
  Import took 0.017948 seconds .

========================================================================
Received Import Request.
  Time since last request: 3.451752 seconds.
  path: Assets/LOUIS/000_PREFAB/Prefab_Enviro_LD/Decors/SM_Hoop.prefab
  artifactKey: Guid(918ce7ad35be00842be0f6ae5e674353) Importer(815301076,1909f56bfc062723c751e8b465ee728b)
Start importing Assets/LOUIS/000_PREFAB/Prefab_Enviro_LD/Decors/SM_Hoop.prefab using Guid(918ce7ad35be00842be0f6ae5e674353) Importer(815301076,1909f56bfc062723c751e8b465ee728b)  -> (artifact id: '66f779eab652372a41aadce67aa63443') in 0.010022 seconds 
  Import took 0.015712 seconds .

========================================================================
Received Import Request.
  Time since last request: 10.080472 seconds.
  path: Assets/LOUIS/000_PREFAB/Prefab_Enviro_LD/Decors/SM_PEN.prefab
  artifactKey: Guid(5d55121a248796d4cbe3ce9c040104e3) Importer(815301076,1909f56bfc062723c751e8b465ee728b)
Start importing Assets/LOUIS/000_PREFAB/Prefab_Enviro_LD/Decors/SM_PEN.prefab using Guid(5d55121a248796d4cbe3ce9c040104e3) Importer(815301076,1909f56bfc062723c751e8b465ee728b)  -> (artifact id: 'a286472d0bd7219f9fc657f9110113cc') in 0.008736 seconds 
  Import took 0.014112 seconds .

========================================================================
Received Import Request.
  Time since last request: 0.580302 seconds.
  path: Assets/LOUIS/000_PREFAB/Prefab_Enviro_LD/Decors/SM_PEN.prefab
  artifactKey: Guid(5d55121a248796d4cbe3ce9c040104e3) Importer(815301076,1909f56bfc062723c751e8b465ee728b)
Start importing Assets/LOUIS/000_PREFAB/Prefab_Enviro_LD/Decors/SM_PEN.prefab using Guid(5d55121a248796d4cbe3ce9c040104e3) Importer(815301076,1909f56bfc062723c751e8b465ee728b)  -> (artifact id: 'e6761a3550bd366503fdf72e2a47d75d') in 0.008667 seconds 
  Import took 0.014200 seconds .

========================================================================
Received Import Request.
  Time since last request: 1.709519 seconds.
  path: Assets/LOUIS/000_PREFAB/Prefab_Enviro_LD/Decors/SM_PEN.prefab
  artifactKey: Guid(5d55121a248796d4cbe3ce9c040104e3) Importer(815301076,1909f56bfc062723c751e8b465ee728b)
Start importing Assets/LOUIS/000_PREFAB/Prefab_Enviro_LD/Decors/SM_PEN.prefab using Guid(5d55121a248796d4cbe3ce9c040104e3) Importer(815301076,1909f56bfc062723c751e8b465ee728b)  -> (artifact id: '9705a6ee7a8b0f07f05ae40068fd26d4') in 0.008321 seconds 
  Import took 0.013413 seconds .

========================================================================
Received Import Request.
  Time since last request: 31.215000 seconds.
  path: Assets/LOUIS/000_PREFAB/Prefab_Enviro_LD/LD Mesh
  artifactKey: Guid(6467adb0cb4ee97459370fe75a40871d) Importer(815301076,1909f56bfc062723c751e8b465ee728b)
Start importing Assets/LOUIS/000_PREFAB/Prefab_Enviro_LD/LD Mesh using Guid(6467adb0cb4ee97459370fe75a40871d) Importer(815301076,1909f56bfc062723c751e8b465ee728b)  -> (artifact id: '2b6d732e3d9f7af62e92aee1e04c2a8f') in 0.004624 seconds 
  Import took 0.009185 seconds .

========================================================================
Received Import Request.
  Time since last request: 5.163545 seconds.
  path: Assets/LOUIS/000_PREFAB/Prefab_Enviro_LD/LD Mesh/SM_ANGLE.prefab
  artifactKey: Guid(547c08baa43082648af209ef30da144c) Importer(815301076,1909f56bfc062723c751e8b465ee728b)
Start importing Assets/LOUIS/000_PREFAB/Prefab_Enviro_LD/LD Mesh/SM_ANGLE.prefab using Guid(547c08baa43082648af209ef30da144c) Importer(815301076,1909f56bfc062723c751e8b465ee728b)  -> (artifact id: '2f9e54fb4cc390dadace22a9d38a2506') in 0.013087 seconds 
  Import took 0.017809 seconds .

========================================================================
Received Import Request.
  Time since last request: 13.819247 seconds.
  path: Assets/LOUIS/000_PREFAB/Prefab_Enviro_LD/LD Mesh/SM_ANGLE.prefab
  artifactKey: Guid(547c08baa43082648af209ef30da144c) Importer(815301076,1909f56bfc062723c751e8b465ee728b)
Start importing Assets/LOUIS/000_PREFAB/Prefab_Enviro_LD/LD Mesh/SM_ANGLE.prefab using Guid(547c08baa43082648af209ef30da144c) Importer(815301076,1909f56bfc062723c751e8b465ee728b)  -> (artifact id: '1af198f2c385ee7f7db118fa066e3e29') in 0.009485 seconds 
  Import took 0.014300 seconds .

========================================================================
Received Import Request.
  Time since last request: 0.577612 seconds.
  path: Assets/LOUIS/000_PREFAB/Prefab_Enviro_LD/LD Mesh/SM_ANGLE.prefab
  artifactKey: Guid(547c08baa43082648af209ef30da144c) Importer(815301076,1909f56bfc062723c751e8b465ee728b)
Start importing Assets/LOUIS/000_PREFAB/Prefab_Enviro_LD/LD Mesh/SM_ANGLE.prefab using Guid(547c08baa43082648af209ef30da144c) Importer(815301076,1909f56bfc062723c751e8b465ee728b)  -> (artifact id: 'fe19254d4592b02edc984a8b2ed64ca0') in 0.009302 seconds 
  Import took 0.014507 seconds .

========================================================================
Received Import Request.
  Time since last request: 3.203754 seconds.
  path: Assets/LOUIS/000_PREFAB/Prefab_Enviro_LD/LD Mesh/SM_ANGLE.prefab
  artifactKey: Guid(547c08baa43082648af209ef30da144c) Importer(815301076,1909f56bfc062723c751e8b465ee728b)
Start importing Assets/LOUIS/000_PREFAB/Prefab_Enviro_LD/LD Mesh/SM_ANGLE.prefab using Guid(547c08baa43082648af209ef30da144c) Importer(815301076,1909f56bfc062723c751e8b465ee728b)  -> (artifact id: '43b3f5a0e339527c916c0e1746ab5cfb') in 0.008382 seconds 
  Import took 0.014242 seconds .

========================================================================
Received Import Request.
  Time since last request: 671.423720 seconds.
  path: Assets/LOUIS/000_PREFAB/Prefab_Enviro_LD/MI_Spring.prefab
  artifactKey: Guid(9d1161db07810c64cbf26b661b73bc64) Importer(815301076,1909f56bfc062723c751e8b465ee728b)
Start importing Assets/LOUIS/000_PREFAB/Prefab_Enviro_LD/MI_Spring.prefab using Guid(9d1161db07810c64cbf26b661b73bc64) Importer(815301076,1909f56bfc062723c751e8b465ee728b) The Animator Controller (IM_Spring) you have used is not valid. Animations will not play
UnityEngine.StackTraceUtility:ExtractStackTrace ()
UnityEditor.EditorUtility:Internal_InstantiateRemoveAllNonAnimationComponentsSingle (UnityEngine.Object,UnityEngine.Vector3,UnityEngine.Quaternion)
UnityEditor.EditorUtility:InstantiateRemoveAllNonAnimationComponents (UnityEngine.Object,UnityEngine.Vector3,UnityEngine.Quaternion)
UnityEditor.EditorUtility:InstantiateForAnimatorPreview (UnityEngine.Object)
UnityEditor.GameObjectInspector/PreviewData:UpdateGameObject (UnityEngine.Object)
UnityEditor.GameObjectInspector/PreviewData:.ctor (UnityEngine.Object)
UnityEditor.GameObjectInspector:GetPreviewData ()
UnityEditor.GameObjectInspector:RenderStaticPreview (string,UnityEngine.Object[],int,int)
UnityEditor.AssetPreviewUpdater:CreatePreviewForAsset (UnityEngine.Object,UnityEngine.Object[],string)

[C:\buildslave\unity\build\Modules/Animation/Director/AnimatorControllerPlayable.cpp line 333]

The Animator Controller (IM_Spring) you have used is not valid. Animations will not play
UnityEngine.StackTraceUtility:ExtractStackTrace ()
UnityEditor.EditorUtility:InitInstantiatedPreviewRecursive (UnityEngine.GameObject)
UnityEditor.EditorUtility:InstantiateForAnimatorPreview (UnityEngine.Object)
UnityEditor.GameObjectInspector/PreviewData:UpdateGameObject (UnityEngine.Object)
UnityEditor.GameObjectInspector/PreviewData:.ctor (UnityEngine.Object)
UnityEditor.GameObjectInspector:GetPreviewData ()
UnityEditor.GameObjectInspector:RenderStaticPreview (string,UnityEngine.Object[],int,int)
UnityEditor.AssetPreviewUpdater:CreatePreviewForAsset (UnityEngine.Object,UnityEngine.Object[],string)

[C:\buildslave\unity\build\Modules/Animation/Director/AnimatorControllerPlayable.cpp line 333]

 -> (artifact id: '5f5a0578fba1f48553520b4111700655') in 0.027031 seconds 
  Import took 0.032420 seconds .

========================================================================
Received Import Request.
  Time since last request: 408.572084 seconds.
  path: Assets/LOUIS/000_PREFAB/Prefab_Enviro_LD/LD Mesh/MI_Mplateforme_RailL.prefab
  artifactKey: Guid(ef06b11de2c1ee140b5258a3890147c4) Importer(815301076,1909f56bfc062723c751e8b465ee728b)
Start importing Assets/LOUIS/000_PREFAB/Prefab_Enviro_LD/LD Mesh/MI_Mplateforme_RailL.prefab using Guid(ef06b11de2c1ee140b5258a3890147c4) Importer(815301076,1909f56bfc062723c751e8b465ee728b)  -> (artifact id: '0b1526c35b36033b84ac75aa2fa1e158') in 0.013825 seconds 
  Import took 0.019290 seconds .

========================================================================
Received Import Request.
  Time since last request: 1.843896 seconds.
  path: Assets/LOUIS/000_PREFAB/Prefab_Enviro_LD/LD Mesh/MI_Mplateforme_RailM.prefab
  artifactKey: Guid(609c08d0f9429724b8f2c5dce9fb5a04) Importer(815301076,1909f56bfc062723c751e8b465ee728b)
Start importing Assets/LOUIS/000_PREFAB/Prefab_Enviro_LD/LD Mesh/MI_Mplateforme_RailM.prefab using Guid(609c08d0f9429724b8f2c5dce9fb5a04) Importer(815301076,1909f56bfc062723c751e8b465ee728b)  -> (artifact id: '8ecc3faa39b35d7ca266c7d000b8ecb0') in 0.012426 seconds 
  Import took 0.017374 seconds .

========================================================================
Received Import Request.
  Time since last request: 3.462284 seconds.
  path: Assets/LOUIS/000_PREFAB/Prefab_Enviro_LD/LD Mesh/MI_Mplateforme_RailR.prefab
  artifactKey: Guid(54daeb87892b3094892e2cfd4defdb53) Importer(815301076,1909f56bfc062723c751e8b465ee728b)
Start importing Assets/LOUIS/000_PREFAB/Prefab_Enviro_LD/LD Mesh/MI_Mplateforme_RailR.prefab using Guid(54daeb87892b3094892e2cfd4defdb53) Importer(815301076,1909f56bfc062723c751e8b465ee728b)  -> (artifact id: '31f074b4e024315e23e806e176178702') in 0.014247 seconds 
  Import took 0.019538 seconds .

========================================================================
Received Import Request.
  Time since last request: 7.219402 seconds.
  path: Assets/YaPing/Props_FBX/Textuere/Wood_Props2_DefaultMaterial_BaseColor.png
  artifactKey: Guid(104833f8320236c4db2663a941aeef98) Importer(815301076,1909f56bfc062723c751e8b465ee728b)
Start importing Assets/YaPing/Props_FBX/Textuere/Wood_Props2_DefaultMaterial_BaseColor.png using Guid(104833f8320236c4db2663a941aeef98) Importer(815301076,1909f56bfc062723c751e8b465ee728b)  -> (artifact id: '1bf7dd9c272d883d570d9bb9a174ba00') in 0.012354 seconds 
  Import took 0.015701 seconds .

========================================================================
Received Import Request.
  Time since last request: 2.877146 seconds.
  path: Assets/YaPing/Props_FBX/Textuere/Wood_Props2_DefaultMaterial_BaseColor.png
  artifactKey: Guid(104833f8320236c4db2663a941aeef98) Importer(815301076,1909f56bfc062723c751e8b465ee728b)
Start importing Assets/YaPing/Props_FBX/Textuere/Wood_Props2_DefaultMaterial_BaseColor.png using Guid(104833f8320236c4db2663a941aeef98) Importer(815301076,1909f56bfc062723c751e8b465ee728b)  -> (artifact id: 'f0b13936d75f4ec7162c03332484bd0a') in 0.016438 seconds 
  Import took 0.020620 seconds .

========================================================================
Received Import Request.
  Time since last request: 28.096599 seconds.
  path: Assets/YaPing/Props_FBX/Textuere/Wood_Props2_DefaultMaterial_BaseColor.png
  artifactKey: Guid(104833f8320236c4db2663a941aeef98) Importer(815301076,1909f56bfc062723c751e8b465ee728b)
Start importing Assets/YaPing/Props_FBX/Textuere/Wood_Props2_DefaultMaterial_BaseColor.png using Guid(104833f8320236c4db2663a941aeef98) Importer(815301076,1909f56bfc062723c751e8b465ee728b)  -> (artifact id: 'c23dcf1c5d43b82638675cade42b657f') in 0.012715 seconds 
  Import took 0.016144 seconds .

========================================================================
Received Import Request.
  Time since last request: 12629.302983 seconds.
  path: Assets/YaPing/Props_FBX/Ground
  artifactKey: Guid(f8a8482d2e05c144c9f22bc161deb1bb) Importer(815301076,1909f56bfc062723c751e8b465ee728b)
Start importing Assets/YaPing/Props_FBX/Ground using Guid(f8a8482d2e05c144c9f22bc161deb1bb) Importer(815301076,1909f56bfc062723c751e8b465ee728b)  -> (artifact id: 'acf629c1d7c4c5162f7f1f103507f526') in 0.012112 seconds 
  Import took 0.038060 seconds .

========================================================================
Received Import Request.
  Time since last request: 8.656163 seconds.
  path: Assets/YaPing/Props_FBX/Ground/SM-Regle.fbx
  artifactKey: Guid(e1f5f3f8bd06eac42aa341a8e9d3a5fb) Importer(815301076,1909f56bfc062723c751e8b465ee728b)
Start importing Assets/YaPing/Props_FBX/Ground/SM-Regle.fbx using Guid(e1f5f3f8bd06eac42aa341a8e9d3a5fb) Importer(815301076,1909f56bfc062723c751e8b465ee728b)  -> (artifact id: 'ae63fcffa20e1a4470955a9c5b7c80d4') in 0.067606 seconds 
  Import took 0.072123 seconds .

========================================================================
Received Import Request.
  Time since last request: 0.000194 seconds.
  path: Assets/YaPing/Props_FBX/Ground/SM_Box_Rangement.fbx
  artifactKey: Guid(fe6f40c2c194642439d34e9ce373b905) Importer(815301076,1909f56bfc062723c751e8b465ee728b)
Start importing Assets/YaPing/Props_FBX/Ground/SM_Box_Rangement.fbx using Guid(fe6f40c2c194642439d34e9ce373b905) Importer(815301076,1909f56bfc062723c751e8b465ee728b)  -> (artifact id: '984861f1f03c09a7bb1c6825d474c78e') in 0.020549 seconds 
  Import took 0.024930 seconds .

========================================================================
Received Import Request.
  Time since last request: 0.001039 seconds.
  path: Assets/YaPing/Props_FBX/Ground/SM_Table.fbx
  artifactKey: Guid(495140a21220c3041b42756eb0527631) Importer(815301076,1909f56bfc062723c751e8b465ee728b)
Start importing Assets/YaPing/Props_FBX/Ground/SM_Table.fbx using Guid(495140a21220c3041b42756eb0527631) Importer(815301076,1909f56bfc062723c751e8b465ee728b)  -> (artifact id: 'd11af1edfe9897c09bdd92c610bc74a9') in 0.028556 seconds 
  Import took 0.031667 seconds .

========================================================================
Received Import Request.
  Time since last request: 0.000161 seconds.
  path: Assets/YaPing/Props_FBX/Ground/SM_Planche.fbx
  artifactKey: Guid(8109970fdd162e34780684075f481ee7) Importer(815301076,1909f56bfc062723c751e8b465ee728b)
Start importing Assets/YaPing/Props_FBX/Ground/SM_Planche.fbx using Guid(8109970fdd162e34780684075f481ee7) Importer(815301076,1909f56bfc062723c751e8b465ee728b)  -> (artifact id: 'd952cfc1a55a49910685c0a7702e87a4') in 0.028178 seconds 
  Import took 0.031478 seconds .

========================================================================
Received Import Request.
  Time since last request: 88.448573 seconds.
  path: Assets/YaPing/Props_FBX/Textuere/Ground_Props_high_DefaultMaterial_BaseColor.png
  artifactKey: Guid(98f9e925a910a224bbf7f52e13e7472b) Importer(815301076,1909f56bfc062723c751e8b465ee728b)
Start importing Assets/YaPing/Props_FBX/Textuere/Ground_Props_high_DefaultMaterial_BaseColor.png using Guid(98f9e925a910a224bbf7f52e13e7472b) Importer(815301076,1909f56bfc062723c751e8b465ee728b)  -> (artifact id: 'da971f2159479dc7bab7082988e4c838') in 0.014659 seconds 
  Import took 0.018099 seconds .

========================================================================
Received Import Request.
  Time since last request: 4.584092 seconds.
  path: Assets/YaPing/Props_FBX/Textuere/New Material 2.mat
  artifactKey: Guid(3be18127626734743a08ab555b896dd8) Importer(815301076,1909f56bfc062723c751e8b465ee728b)
Start importing Assets/YaPing/Props_FBX/Textuere/New Material 2.mat using Guid(3be18127626734743a08ab555b896dd8) Importer(815301076,1909f56bfc062723c751e8b465ee728b)  -> (artifact id: '334fde1f2ccb60d7c3d2bddd61bc0e49') in 0.102128 seconds 
  Import took 0.105593 seconds .

========================================================================
Received Import Request.
  Time since last request: 9.623989 seconds.
  path: Assets/YaPing/Props_FBX/Textuere/Ground_Props_high_DefaultMaterial_BaseColor.png
  artifactKey: Guid(98f9e925a910a224bbf7f52e13e7472b) Importer(815301076,1909f56bfc062723c751e8b465ee728b)
Start importing Assets/YaPing/Props_FBX/Textuere/Ground_Props_high_DefaultMaterial_BaseColor.png using Guid(98f9e925a910a224bbf7f52e13e7472b) Importer(815301076,1909f56bfc062723c751e8b465ee728b)  -> (artifact id: '971424fbfbca7b16a05f60ad59fc089f') in 0.013530 seconds 
  Import took 0.017499 seconds .

========================================================================
Received Import Request.
  Time since last request: 1166.027192 seconds.
  path: Assets/YaPing/Props_FBX/Textuere/Ground_Props_high_DefaultMaterial_BaseColor.png
  artifactKey: Guid(98f9e925a910a224bbf7f52e13e7472b) Importer(815301076,1909f56bfc062723c751e8b465ee728b)
Start importing Assets/YaPing/Props_FBX/Textuere/Ground_Props_high_DefaultMaterial_BaseColor.png using Guid(98f9e925a910a224bbf7f52e13e7472b) Importer(815301076,1909f56bfc062723c751e8b465ee728b)  -> (artifact id: '44066accb1a99c820a3c40b73ceef010') in 0.014624 seconds 
  Import took 0.018784 seconds .

========================================================================
Received Import Request.
  Time since last request: 1341.052809 seconds.
  path: Assets/YaPing/Props_FBX/Textuere/Ground_Props_high_DefaultMaterial_BaseColor 1.png
  artifactKey: Guid(51ca5ddb7b46e68459db688ba7f01652) Importer(815301076,1909f56bfc062723c751e8b465ee728b)
Start importing Assets/YaPing/Props_FBX/Textuere/Ground_Props_high_DefaultMaterial_BaseColor 1.png using Guid(51ca5ddb7b46e68459db688ba7f01652) Importer(815301076,1909f56bfc062723c751e8b465ee728b)  -> (artifact id: 'ca55a56e23bdda9e34f7b1446ead24e2') in 0.024397 seconds 
  Import took 0.029705 seconds .

========================================================================
Received Import Request.
  Time since last request: 0.000472 seconds.
  path: Assets/YaPing/Props_FBX/Textuere/New Material 2.mat
  artifactKey: Guid(3be18127626734743a08ab555b896dd8) Importer(815301076,1909f56bfc062723c751e8b465ee728b)
Start importing Assets/YaPing/Props_FBX/Textuere/New Material 2.mat using Guid(3be18127626734743a08ab555b896dd8) Importer(815301076,1909f56bfc062723c751e8b465ee728b)  -> (artifact id: '9b67d4160cd7d6292f64bf9524ef1abd') in 0.020168 seconds 
  Import took 0.026994 seconds .

========================================================================
Received Import Request.
  Time since last request: 6.583984 seconds.
  path: Assets/YaPing/Props_FBX/Textuere/Ground_Props_high_DefaultMaterial_BaseColor.png
  artifactKey: Guid(98f9e925a910a224bbf7f52e13e7472b) Importer(815301076,1909f56bfc062723c751e8b465ee728b)
Start importing Assets/YaPing/Props_FBX/Textuere/Ground_Props_high_DefaultMaterial_BaseColor.png using Guid(98f9e925a910a224bbf7f52e13e7472b) Importer(815301076,1909f56bfc062723c751e8b465ee728b)  -> (artifact id: '1f6d20cf03a6ad8ec8638075577528b8') in 0.012608 seconds 
  Import took 0.017122 seconds .

========================================================================
Received Import Request.
  Time since last request: 2147.048256 seconds.
  path: Assets/YaPing/Props_FBX/Textuere/Cardboard_Standard.spsm
  artifactKey: Guid(caf3074f53f80a74a8763811be80b49e) Importer(815301076,1909f56bfc062723c751e8b465ee728b)
Start importing Assets/YaPing/Props_FBX/Textuere/Cardboard_Standard.spsm using Guid(caf3074f53f80a74a8763811be80b49e) Importer(815301076,1909f56bfc062723c751e8b465ee728b)  -> (artifact id: 'd06a637a99ffee9c1e543bb51b012fd0') in 0.022305 seconds 
  Import took 0.030911 seconds .

========================================================================
Received Import Request.
  Time since last request: 3.277382 seconds.
  path: Assets/YaPing/Props_FBX/Textuere/Ground_Props_high_DefaultMaterial_BaseColor.png
  artifactKey: Guid(98f9e925a910a224bbf7f52e13e7472b) Importer(815301076,1909f56bfc062723c751e8b465ee728b)
Start importing Assets/YaPing/Props_FBX/Textuere/Ground_Props_high_DefaultMaterial_BaseColor.png using Guid(98f9e925a910a224bbf7f52e13e7472b) Importer(815301076,1909f56bfc062723c751e8b465ee728b)  -> (artifact id: 'd27f71eca9121ca863dd3d95eef546c0') in 0.017956 seconds 
  Import took 0.022896 seconds .

========================================================================
Received Import Request.
  Time since last request: 286.378330 seconds.
  path: Assets/YaPing/Props_FBX/Textuere/Ground_Props_high_DefaultMaterial_BaseColor.png
  artifactKey: Guid(98f9e925a910a224bbf7f52e13e7472b) Importer(815301076,1909f56bfc062723c751e8b465ee728b)
Start importing Assets/YaPing/Props_FBX/Textuere/Ground_Props_high_DefaultMaterial_BaseColor.png using Guid(98f9e925a910a224bbf7f52e13e7472b) Importer(815301076,1909f56bfc062723c751e8b465ee728b)  -> (artifact id: 'd6a721485751505c6a356ce387605f42') in 0.017647 seconds 
  Import took 0.022559 seconds .

========================================================================
Received Import Request.
  Time since last request: 6.195821 seconds.
  path: Assets/YaPing/Props_FBX/Textuere/Ground_Props_high_DefaultMaterial_BaseColor.png
  artifactKey: Guid(98f9e925a910a224bbf7f52e13e7472b) Importer(815301076,1909f56bfc062723c751e8b465ee728b)
Start importing Assets/YaPing/Props_FBX/Textuere/Ground_Props_high_DefaultMaterial_BaseColor.png using Guid(98f9e925a910a224bbf7f52e13e7472b) Importer(815301076,1909f56bfc062723c751e8b465ee728b)  -> (artifact id: '131639d9cc7a311c57f82387fc3c0fb6') in 0.024577 seconds 
  Import took 0.029374 seconds .

========================================================================
Received Import Request.
  Time since last request: 99.229710 seconds.
  path: Assets/YaPing/Props_FBX/Prefab/SM-Regle.prefab
  artifactKey: Guid(e7c8a9ee0f9e59747a5beb07c399e17b) Importer(815301076,1909f56bfc062723c751e8b465ee728b)
Start importing Assets/YaPing/Props_FBX/Prefab/SM-Regle.prefab using Guid(e7c8a9ee0f9e59747a5beb07c399e17b) Importer(815301076,1909f56bfc062723c751e8b465ee728b)  -> (artifact id: 'de6e1815a41e58b5b3f6242f56f34675') in 0.033013 seconds 
  Import took 0.038340 seconds .

========================================================================
Received Import Request.
  Time since last request: 2.612327 seconds.
  path: Assets/YaPing/Props_FBX/Prefab/SM_Box_Rangement.prefab
  artifactKey: Guid(0d642c114147104478767fc3987f65af) Importer(815301076,1909f56bfc062723c751e8b465ee728b)
Start importing Assets/YaPing/Props_FBX/Prefab/SM_Box_Rangement.prefab using Guid(0d642c114147104478767fc3987f65af) Importer(815301076,1909f56bfc062723c751e8b465ee728b)  -> (artifact id: 'cae20a2fcde93b08b7ce4c2076336a90') in 0.022088 seconds 
  Import took 0.026554 seconds .

========================================================================
Received Import Request.
  Time since last request: 2.354066 seconds.
  path: Assets/YaPing/Props_FBX/Prefab/SM_Planche.prefab
  artifactKey: Guid(b88fc605a4af8244098898b785cce969) Importer(815301076,1909f56bfc062723c751e8b465ee728b)
Start importing Assets/YaPing/Props_FBX/Prefab/SM_Planche.prefab using Guid(b88fc605a4af8244098898b785cce969) Importer(815301076,1909f56bfc062723c751e8b465ee728b)  -> (artifact id: 'b5547d32da1f0e62e3ee9f9bb75cf276') in 0.020837 seconds 
  Import took 0.026197 seconds .

========================================================================
Received Import Request.
  Time since last request: 2.142640 seconds.
  path: Assets/YaPing/Props_FBX/Prefab/SM_Table.prefab
  artifactKey: Guid(d20415b2dd8666e4c9f9115c7c828ce4) Importer(815301076,1909f56bfc062723c751e8b465ee728b)
Start importing Assets/YaPing/Props_FBX/Prefab/SM_Table.prefab using Guid(d20415b2dd8666e4c9f9115c7c828ce4) Importer(815301076,1909f56bfc062723c751e8b465ee728b)  -> (artifact id: '2f4dbf867a00b085addbd579c92fe22e') in 0.019751 seconds 
  Import took 0.025346 seconds .

========================================================================
Received Import Request.
  Time since last request: 6.525843 seconds.
  path: Assets/YaPing/Props_FBX/Prefab/Ground
  artifactKey: Guid(b45cdc5b769d83f4b9d4476f58a6a756) Importer(815301076,1909f56bfc062723c751e8b465ee728b)
Start importing Assets/YaPing/Props_FBX/Prefab/Ground using Guid(b45cdc5b769d83f4b9d4476f58a6a756) Importer(815301076,1909f56bfc062723c751e8b465ee728b)  -> (artifact id: '8d055965b2408a2ea1399f2ab319fbbb') in 0.007999 seconds 
  Import took 0.012243 seconds .

========================================================================
Received Import Request.
  Time since last request: 1780.038211 seconds.
  path: Assets/YaPing/Props_FBX/Textuere/Ground_Props_high_DefaultMaterial_BaseColor.png
  artifactKey: Guid(98f9e925a910a224bbf7f52e13e7472b) Importer(815301076,1909f56bfc062723c751e8b465ee728b)
Start importing Assets/YaPing/Props_FBX/Textuere/Ground_Props_high_DefaultMaterial_BaseColor.png using Guid(98f9e925a910a224bbf7f52e13e7472b) Importer(815301076,1909f56bfc062723c751e8b465ee728b)  -> (artifact id: '22a14cdcaa1613d0a651e159b25c9ef8') in 0.021047 seconds 
  Import took 0.024988 seconds .

